<?xml version="1.0" encoding="UTF-8"?>
<testng-results ignored="2" total="4" passed="1" failed="1" skipped="0">
  <reporter-output>
  </reporter-output>
  <suite started-at="2023-02-21T16:54:44 IST" name="Suite" finished-at="2023-02-21T16:55:17 IST" duration-ms="32941">
    <groups>
    </groups>
    <test started-at="2023-02-21T16:54:44 IST" name="Test" finished-at="2023-02-21T16:55:17 IST" duration-ms="32941">
      <class name="BaseClass.ProductClass2">
        <test-method is-config="true" signature="ConnectDB()[pri:0, instance:BaseClass.ProductClass2@5d7148e2]" started-at="2023-02-21T16:54:44 IST" name="ConnectDB" finished-at="2023-02-21T16:54:44 IST" duration-ms="0" status="PASS">
          <reporter-output>
          </reporter-output>
        </test-method> <!-- ConnectDB -->
        <test-method is-config="true" signature="launchthebrowser()[pri:0, instance:BaseClass.ProductClass2@5d7148e2]" started-at="2023-02-21T16:54:45 IST" name="launchthebrowser" finished-at="2023-02-21T16:54:49 IST" duration-ms="4290" status="PASS">
          <reporter-output>
          </reporter-output>
        </test-method> <!-- launchthebrowser -->
        <test-method is-config="true" signature="OpentheApplication()[pri:0, instance:BaseClass.ProductClass2@5d7148e2]" started-at="2023-02-21T16:54:49 IST" name="OpentheApplication" finished-at="2023-02-21T16:54:54 IST" duration-ms="4882" status="PASS">
          <reporter-output>
          </reporter-output>
        </test-method> <!-- OpentheApplication -->
        <test-method signature="OnlyProductclass()[pri:0, instance:BaseClass.ProductClass2@5d7148e2]" started-at="2023-02-21T16:54:54 IST" name="OnlyProductclass" finished-at="2023-02-21T16:55:05 IST" duration-ms="10812" status="PASS">
          <reporter-output>
          </reporter-output>
        </test-method> <!-- OnlyProductclass -->
        <test-method is-config="true" signature="ClosetheApp()[pri:0, instance:BaseClass.ProductClass2@5d7148e2]" started-at="2023-02-21T16:55:05 IST" name="ClosetheApp" finished-at="2023-02-21T16:55:07 IST" duration-ms="1577" status="PASS">
          <reporter-output>
          </reporter-output>
        </test-method> <!-- ClosetheApp -->
        <test-method is-config="true" signature="Closethebrowser()[pri:0, instance:BaseClass.ProductClass2@5d7148e2]" started-at="2023-02-21T16:55:07 IST" name="Closethebrowser" finished-at="2023-02-21T16:55:07 IST" duration-ms="174" status="PASS">
          <reporter-output>
          </reporter-output>
        </test-method> <!-- Closethebrowser -->
        <test-method is-config="true" signature="DisconnectDB()[pri:0, instance:BaseClass.ProductClass2@5d7148e2]" started-at="2023-02-21T16:55:18 IST" name="DisconnectDB" finished-at="2023-02-21T16:55:18 IST" duration-ms="0" status="PASS">
          <reporter-output>
          </reporter-output>
        </test-method> <!-- DisconnectDB -->
      </class> <!-- BaseClass.ProductClass2 -->
      <class name="BaseClass.ExtendBaseCLass">
        <test-method is-config="true" signature="launchthebrowser()[pri:0, instance:BaseClass.ExtendBaseCLass@74751b3]" started-at="2023-02-21T16:55:07 IST" name="launchthebrowser" finished-at="2023-02-21T16:55:08 IST" duration-ms="1138" status="PASS">
          <reporter-output>
          </reporter-output>
        </test-method> <!-- launchthebrowser -->
        <test-method is-config="true" signature="OpentheApplication()[pri:0, instance:BaseClass.ExtendBaseCLass@74751b3]" started-at="2023-02-21T16:55:08 IST" name="OpentheApplication" finished-at="2023-02-21T16:55:13 IST" duration-ms="4859" status="PASS">
          <reporter-output>
          </reporter-output>
        </test-method> <!-- OpentheApplication -->
        <test-method signature="OnlyProductclass()[pri:0, instance:BaseClass.ExtendBaseCLass@74751b3]" started-at="2023-02-21T16:55:13 IST" name="OnlyProductclass" finished-at="2023-02-21T16:55:13 IST" duration-ms="15" status="FAIL">
          <exception class="java.lang.AssertionError">
            <message>
              <![CDATA[expected [true] but found [false]]]>
            </message>
            <full-stacktrace>
              <![CDATA[java.lang.AssertionError: expected [true] but found [false]
at org.testng.Assert.fail(Assert.java:99)
at org.testng.Assert.failNotEquals(Assert.java:1037)
at org.testng.Assert.assertEqualsImpl(Assert.java:140)
at org.testng.Assert.assertEquals(Assert.java:122)
at org.testng.Assert.assertEquals(Assert.java:819)
at org.testng.Assert.assertEquals(Assert.java:829)
at BaseClass.ExtendBaseCLass.OnlyProductclass(ExtendBaseCLass.java:20)
at java.base/jdk.internal.reflect.NativeMethodAccessorImpl.invoke0(Native Method)
at java.base/jdk.internal.reflect.NativeMethodAccessorImpl.invoke(NativeMethodAccessorImpl.java:62)
at java.base/jdk.internal.reflect.DelegatingMethodAccessorImpl.invoke(DelegatingMethodAccessorImpl.java:43)
at java.base/java.lang.reflect.Method.invoke(Method.java:566)
at org.testng.internal.MethodInvocationHelper.invokeMethod(MethodInvocationHelper.java:133)
at org.testng.internal.TestInvoker.invokeMethod(TestInvoker.java:598)
at org.testng.internal.TestInvoker.invokeTestMethod(TestInvoker.java:173)
at org.testng.internal.MethodRunner.runInSequence(MethodRunner.java:46)
at org.testng.internal.TestInvoker$MethodInvocationAgent.invoke(TestInvoker.java:824)
at org.testng.internal.TestInvoker.invokeTestMethods(TestInvoker.java:146)
at org.testng.internal.TestMethodWorker.invokeTestMethods(TestMethodWorker.java:146)
at org.testng.internal.TestMethodWorker.run(TestMethodWorker.java:128)
at java.base/java.util.ArrayList.forEach(ArrayList.java:1541)
at org.testng.TestRunner.privateRun(TestRunner.java:794)
at org.testng.TestRunner.run(TestRunner.java:596)
at org.testng.SuiteRunner.runTest(SuiteRunner.java:377)
at org.testng.SuiteRunner.runSequentially(SuiteRunner.java:371)
at org.testng.SuiteRunner.privateRun(SuiteRunner.java:332)
at org.testng.SuiteRunner.run(SuiteRunner.java:276)
at org.testng.SuiteRunnerWorker.runSuite(SuiteRunnerWorker.java:53)
at org.testng.SuiteRunnerWorker.run(SuiteRunnerWorker.java:96)
at org.testng.TestNG.runSuitesSequentially(TestNG.java:1212)
at org.testng.TestNG.runSuitesLocally(TestNG.java:1134)
at org.testng.TestNG.runSuites(TestNG.java:1063)
at org.testng.TestNG.run(TestNG.java:1031)
at org.apache.maven.surefire.testng.TestNGExecutor.run(TestNGExecutor.java:324)
at org.apache.maven.surefire.testng.TestNGXmlTestSuite.execute(TestNGXmlTestSuite.java:74)
at org.apache.maven.surefire.testng.TestNGProvider.invoke(TestNGProvider.java:123)
at org.apache.maven.surefire.booter.ForkedBooter.runSuitesInProcess(ForkedBooter.java:456)
at org.apache.maven.surefire.booter.ForkedBooter.execute(ForkedBooter.java:169)
at org.apache.maven.surefire.booter.ForkedBooter.run(ForkedBooter.java:595)
at org.apache.maven.surefire.booter.ForkedBooter.main(ForkedBooter.java:581)
]]>
            </full-stacktrace>
          </exception> <!-- java.lang.AssertionError -->
          <reporter-output>
          </reporter-output>
        </test-method> <!-- OnlyProductclass -->
        <test-method is-config="true" signature="ClosetheApp()[pri:0, instance:BaseClass.ExtendBaseCLass@74751b3]" started-at="2023-02-21T16:55:13 IST" name="ClosetheApp" finished-at="2023-02-21T16:55:17 IST" duration-ms="4190" status="PASS">
          <reporter-output>
          </reporter-output>
        </test-method> <!-- ClosetheApp -->
        <test-method is-config="true" signature="Closethebrowser()[pri:0, instance:BaseClass.ExtendBaseCLass@74751b3]" started-at="2023-02-21T16:55:17 IST" name="Closethebrowser" finished-at="2023-02-21T16:55:17 IST" duration-ms="135" status="PASS">
          <reporter-output>
          </reporter-output>
        </test-method> <!-- Closethebrowser -->
      </class> <!-- BaseClass.ExtendBaseCLass -->
    </test> <!-- Test -->
  </suite> <!-- Suite -->
</testng-results>
