<?xml version="1.0" encoding="UTF-8"?>
<testng-results ignored="2" total="4" passed="1" failed="1" skipped="0">
  <reporter-output>
  </reporter-output>
  <suite started-at="2023-02-21T15:58:35 IST" name="Suite" finished-at="2023-02-21T15:59:15 IST" duration-ms="40234">
    <groups>
    </groups>
    <test started-at="2023-02-21T15:58:35 IST" name="Test" finished-at="2023-02-21T15:59:15 IST" duration-ms="40234">
      <class name="BaseClass.ProductClass2">
        <test-method is-config="true" signature="ConnectDB()[pri:0, instance:BaseClass.ProductClass2@3cebbb30]" started-at="2023-02-21T15:58:35 IST" name="ConnectDB" finished-at="2023-02-21T15:58:35 IST" duration-ms="14" status="PASS">
          <reporter-output>
          </reporter-output>
        </test-method> <!-- ConnectDB -->
        <test-method is-config="true" signature="launchthebrowser()[pri:0, instance:BaseClass.ProductClass2@3cebbb30]" started-at="2023-02-21T15:58:36 IST" name="launchthebrowser" finished-at="2023-02-21T15:58:40 IST" duration-ms="4604" status="PASS">
          <reporter-output>
          </reporter-output>
        </test-method> <!-- launchthebrowser -->
        <test-method is-config="true" signature="OpentheApplication()[pri:0, instance:BaseClass.ProductClass2@3cebbb30]" started-at="2023-02-21T15:58:40 IST" name="OpentheApplication" finished-at="2023-02-21T15:58:49 IST" duration-ms="8738" status="PASS">
          <reporter-output>
          </reporter-output>
        </test-method> <!-- OpentheApplication -->
        <test-method signature="OnlyProductclass()[pri:0, instance:BaseClass.ProductClass2@3cebbb30]" started-at="2023-02-21T15:58:49 IST" name="OnlyProductclass" finished-at="2023-02-21T15:59:00 IST" duration-ms="10647" status="PASS">
          <reporter-output>
          </reporter-output>
        </test-method> <!-- OnlyProductclass -->
        <test-method is-config="true" signature="ClosetheApp()[pri:0, instance:BaseClass.ProductClass2@3cebbb30]" started-at="2023-02-21T15:59:00 IST" name="ClosetheApp" finished-at="2023-02-21T15:59:02 IST" duration-ms="2141" status="PASS">
          <reporter-output>
          </reporter-output>
        </test-method> <!-- ClosetheApp -->
        <test-method is-config="true" signature="Closethebrowser()[pri:0, instance:BaseClass.ProductClass2@3cebbb30]" started-at="2023-02-21T15:59:02 IST" name="Closethebrowser" finished-at="2023-02-21T15:59:02 IST" duration-ms="176" status="PASS">
          <reporter-output>
          </reporter-output>
        </test-method> <!-- Closethebrowser -->
        <test-method is-config="true" signature="DisconnectDB()[pri:0, instance:BaseClass.ProductClass2@3cebbb30]" started-at="2023-02-21T15:59:16 IST" name="DisconnectDB" finished-at="2023-02-21T15:59:16 IST" duration-ms="1" status="PASS">
          <reporter-output>
          </reporter-output>
        </test-method> <!-- DisconnectDB -->
      </class> <!-- BaseClass.ProductClass2 -->
      <class name="BaseClass.ExtendBaseCLass">
        <test-method is-config="true" signature="launchthebrowser()[pri:0, instance:BaseClass.ExtendBaseCLass@82de64a]" started-at="2023-02-21T15:59:02 IST" name="launchthebrowser" finished-at="2023-02-21T15:59:04 IST" duration-ms="1701" status="PASS">
          <reporter-output>
          </reporter-output>
        </test-method> <!-- launchthebrowser -->
        <test-method is-config="true" signature="OpentheApplication()[pri:0, instance:BaseClass.ExtendBaseCLass@82de64a]" started-at="2023-02-21T15:59:04 IST" name="OpentheApplication" finished-at="2023-02-21T15:59:09 IST" duration-ms="5537" status="PASS">
          <reporter-output>
          </reporter-output>
        </test-method> <!-- OpentheApplication -->
        <test-method signature="OnlyProductclass()[pri:0, instance:BaseClass.ExtendBaseCLass@82de64a]" started-at="2023-02-21T15:59:09 IST" name="OnlyProductclass" finished-at="2023-02-21T15:59:09 IST" duration-ms="12" status="FAIL">
          <exception class="java.lang.AssertionError">
            <message>
              <![CDATA[expected [true] but found [false]]]>
            </message>
            <full-stacktrace>
              <![CDATA[java.lang.AssertionError: expected [true] but found [false]
at org.testng.Assert.fail(Assert.java:99)
at org.testng.Assert.failNotEquals(Assert.java:1037)
at org.testng.Assert.assertEqualsImpl(Assert.java:140)
at org.testng.Assert.assertEquals(Assert.java:122)
at org.testng.Assert.assertEquals(Assert.java:819)
at org.testng.Assert.assertEquals(Assert.java:829)
at BaseClass.ExtendBaseCLass.OnlyProductclass(ExtendBaseCLass.java:20)
at java.base/jdk.internal.reflect.NativeMethodAccessorImpl.invoke0(Native Method)
at java.base/jdk.internal.reflect.NativeMethodAccessorImpl.invoke(NativeMethodAccessorImpl.java:62)
at java.base/jdk.internal.reflect.DelegatingMethodAccessorImpl.invoke(DelegatingMethodAccessorImpl.java:43)
at java.base/java.lang.reflect.Method.invoke(Method.java:566)
at org.testng.internal.MethodInvocationHelper.invokeMethod(MethodInvocationHelper.java:133)
at org.testng.internal.TestInvoker.invokeMethod(TestInvoker.java:598)
at org.testng.internal.TestInvoker.invokeTestMethod(TestInvoker.java:173)
at org.testng.internal.MethodRunner.runInSequence(MethodRunner.java:46)
at org.testng.internal.TestInvoker$MethodInvocationAgent.invoke(TestInvoker.java:824)
at org.testng.internal.TestInvoker.invokeTestMethods(TestInvoker.java:146)
at org.testng.internal.TestMethodWorker.invokeTestMethods(TestMethodWorker.java:146)
at org.testng.internal.TestMethodWorker.run(TestMethodWorker.java:128)
at java.base/java.util.ArrayList.forEach(ArrayList.java:1541)
at org.testng.TestRunner.privateRun(TestRunner.java:794)
at org.testng.TestRunner.run(TestRunner.java:596)
at org.testng.SuiteRunner.runTest(SuiteRunner.java:377)
at org.testng.SuiteRunner.runSequentially(SuiteRunner.java:371)
at org.testng.SuiteRunner.privateRun(SuiteRunner.java:332)
at org.testng.SuiteRunner.run(SuiteRunner.java:276)
at org.testng.SuiteRunnerWorker.runSuite(SuiteRunnerWorker.java:53)
at org.testng.SuiteRunnerWorker.run(SuiteRunnerWorker.java:96)
at org.testng.TestNG.runSuitesSequentially(TestNG.java:1212)
at org.testng.TestNG.runSuitesLocally(TestNG.java:1134)
at org.testng.TestNG.runSuites(TestNG.java:1063)
at org.testng.TestNG.run(TestNG.java:1031)
at org.testng.remote.AbstractRemoteTestNG.run(AbstractRemoteTestNG.java:115)
at org.testng.remote.RemoteTestNG.initAndRun(RemoteTestNG.java:251)
at org.testng.remote.RemoteTestNG.main(RemoteTestNG.java:77)
]]>
            </full-stacktrace>
          </exception> <!-- java.lang.AssertionError -->
          <reporter-output>
          </reporter-output>
        </test-method> <!-- OnlyProductclass -->
        <test-method is-config="true" signature="ClosetheApp()[pri:0, instance:BaseClass.ExtendBaseCLass@82de64a]" started-at="2023-02-21T15:59:10 IST" name="ClosetheApp" finished-at="2023-02-21T15:59:15 IST" duration-ms="5136" status="PASS">
          <reporter-output>
          </reporter-output>
        </test-method> <!-- ClosetheApp -->
        <test-method is-config="true" signature="Closethebrowser()[pri:0, instance:BaseClass.ExtendBaseCLass@82de64a]" started-at="2023-02-21T15:59:15 IST" name="Closethebrowser" finished-at="2023-02-21T15:59:15 IST" duration-ms="234" status="PASS">
          <reporter-output>
          </reporter-output>
        </test-method> <!-- Closethebrowser -->
      </class> <!-- BaseClass.ExtendBaseCLass -->
    </test> <!-- Test -->
  </suite> <!-- Suite -->
</testng-results>
